Building DAG of jobs...
Using shell: /usr/bin/bash
Provided cluster nodes: 1
Job stats:
job      count
-----  -------
all          1
total        1

Select jobs to execute...

[Mon Feb 23 16:46:26 2026]
rule all:
    output: plots/output.pdf
    jobid: 0
    reason: Set of input files has changed since last execution; Code has changed since last execution; Params have changed since last execution
    resources: mem_mb=1000, mem_mib=954, disk_mb=1000, disk_mib=954, tmpdir=<TBD>

Submitted job 0 with external jobid '3642941.sched5.carboncluster'.
[Mon Feb 23 16:47:26 2026]
Finished job 0.
1 of 1 steps (100%) done
Complete log: .snakemake/log/2026-02-23T164626.458097.snakemake.log
