Building DAG of jobs...
Using shell: /usr/bin/bash
Provided cluster nodes: 1
Job stats:
job      count
-----  -------
all          1
total        1

Select jobs to execute...

[Mon Feb 23 16:33:23 2026]
rule all:
    input: scripts/run.py
    output: plots/output.pdf
    jobid: 0
    reason: Updated input files: scripts/run.py
    resources: mem_mb=1000, mem_mib=954, disk_mb=1000, disk_mib=954, tmpdir=<TBD>

Submitted job 0 with external jobid '3642938.sched5.carboncluster'.
[Mon Feb 23 16:34:23 2026]
Finished job 0.
1 of 1 steps (100%) done
Complete log: .snakemake/log/2026-02-23T163323.345679.snakemake.log
