Building DAG of jobs...
Using shell: /usr/bin/bash
Provided cluster nodes: 1
Job stats:
job      count
-----  -------
all          1
total        1

Select jobs to execute...

[Mon Feb 23 16:09:23 2026]
rule all:
    output: output.pdf
    jobid: 0
    reason: Missing output files: output.pdf
    resources: mem_mb=1000, mem_mib=954, disk_mb=1000, disk_mib=954, tmpdir=<TBD>

Submitted job 0 with external jobid '3642051.sched5.carboncluster'.
[Mon Feb 23 16:09:33 2026]
Error in rule all:
    jobid: 0
    output: output.pdf
    cluster_jobid: 3642051.sched5.carboncluster

Error executing rule all on cluster (jobid: 0, external: 3642051.sched5.carboncluster, jobscript: /home/bfichera/data/projects/umap_skyrmion/replicate_umap_nolan/.snakemake/tmp.w88q6nvo/snakejob.all.0.sh). For error details see the cluster log and the log files of the involved rule(s).
Shutting down, this might take some time.
Exiting because a job execution failed. Look above for error message
Complete log: .snakemake/log/2026-02-23T160923.093733.snakemake.log
