Building DAG of jobs...
Using shell: /usr/bin/bash
Provided cluster nodes: 1
Job stats:
job      count
-----  -------
all          1
total        1

Select jobs to execute...

[Mon Feb 23 16:11:32 2026]
rule all:
    output: output.pdf
    jobid: 0
    reason: Missing output files: output.pdf
    resources: mem_mb=1000, mem_mib=954, disk_mb=1000, disk_mib=954, tmpdir=<TBD>

Submitted job 0 with external jobid '3642233.sched5.carboncluster'.
[Mon Feb 23 16:12:42 2026]
Finished job 0.
1 of 1 steps (100%) done
Complete log: .snakemake/log/2026-02-23T161132.046067.snakemake.log
