Building DAG of jobs...
Using shell: /usr/bin/bash
Provided cores: 1 (use --cores to define parallelism)
Rules claiming more threads will be scaled down.
Job stats:
job      count
-----  -------
all          1
total        1

Select jobs to execute...

[Mon Feb 23 14:24:19 2026]
rule all:
    input: run.py
    output: output.pdf
    jobid: 0
    reason: Updated input files: run.py
    resources: tmpdir=/tmp

[Mon Feb 23 14:25:57 2026]
Finished job 0.
1 of 1 steps (100%) done
Complete log: .snakemake/log/2026-02-23T142419.080361.snakemake.log
